This is pdfTeX, Version 3.141592653-2.6-1.40.22 (TeX Live 2022/dev/Debian) (preloaded format=pdflatex 2022.9.28)  16 JAN 2023 15:45
entering extended mode
 restricted \write18 enabled.
 file:line:error style messages enabled.
 %&-line parsing enabled.
**/home/gaspard/ETHZ/Master_Arbeit/repo/Master-Arbeit/tex_files/Final_Report/final_report.tex
(/home/gaspard/ETHZ/Master_Arbeit/repo/Master-Arbeit/tex_files/Final_Report/final_report.tex
LaTeX2e <2021-11-15> patch level 1
L3 programming layer <2022-01-21> (/usr/share/texlive/texmf-dist/tex/latex/base/article.cls
Document Class: article 2021/10/04 v1.4n Standard LaTeX document class
(/usr/share/texlive/texmf-dist/tex/latex/base/size10.clo
File: size10.clo 2021/10/04 v1.4n Standard LaTeX file (size option)
)
\c@part=\count185
\c@section=\count186
\c@subsection=\count187
\c@subsubsection=\count188
\c@paragraph=\count189
\c@subparagraph=\count190
\c@figure=\count191
\c@table=\count192
\abovecaptionskip=\skip47
\belowcaptionskip=\skip48
\bibindent=\dimen138
) (/usr/share/texlive/texmf-dist/tex/latex/base/inputenc.sty
Package: inputenc 2021/02/14 v1.3d Input encoding file
\inpenc@prehook=\toks16
\inpenc@posthook=\toks17
) (/usr/share/texlive/texmf-dist/tex/latex/base/fontenc.sty
Package: fontenc 2021/04/29 v2.0v Standard LaTeX package
) (/usr/share/texlive/texmf-dist/tex/latex/graphics/graphicx.sty
Package: graphicx 2021/09/16 v1.2d Enhanced LaTeX Graphics (DPC,SPQR)
 (/usr/share/texlive/texmf-dist/tex/latex/graphics/keyval.sty
Package: keyval 2014/10/28 v1.15 key=value parser (DPC)
\KV@toks@=\toks18
) (/usr/share/texlive/texmf-dist/tex/latex/graphics/graphics.sty
Package: graphics 2021/03/04 v1.4d Standard LaTeX Graphics (DPC,SPQR)
 (/usr/share/texlive/texmf-dist/tex/latex/graphics/trig.sty
Package: trig 2021/08/11 v1.11 sin cos tan (DPC)
) (/usr/share/texlive/texmf-dist/tex/latex/graphics-cfg/graphics.cfg
File: graphics.cfg 2016/06/04 v1.11 sample graphics configuration
)
Package graphics Info: Driver file: pdftex.def on input line 107.
 (/usr/share/texlive/texmf-dist/tex/latex/graphics-def/pdftex.def
File: pdftex.def 2020/10/05 v1.2a Graphics/color driver for pdftex
))
\Gin@req@height=\dimen139
\Gin@req@width=\dimen140
) (/usr/share/texlive/texmf-dist/tex/latex/geometry/geometry.sty
Package: geometry 2020/01/02 v5.9 Page Geometry
 (/usr/share/texlive/texmf-dist/tex/generic/iftex/ifvtex.sty
Package: ifvtex 2019/10/25 v1.7 ifvtex legacy package. Use iftex instead.
 (/usr/share/texlive/texmf-dist/tex/generic/iftex/iftex.sty
Package: iftex 2020/03/06 v1.0d TeX engine tests
))
\Gm@cnth=\count193
\Gm@cntv=\count194
\c@Gm@tempcnt=\count195
\Gm@bindingoffset=\dimen141
\Gm@wd@mp=\dimen142
\Gm@odd@mp=\dimen143
\Gm@even@mp=\dimen144
\Gm@layoutwidth=\dimen145
\Gm@layoutheight=\dimen146
\Gm@layouthoffset=\dimen147
\Gm@layoutvoffset=\dimen148
\Gm@dimlist=\toks19
) (/usr/share/texlive/texmf-dist/tex/latex/amsmath/amsmath.sty
Package: amsmath 2021/10/15 v2.17l AMS math features
\@mathmargin=\skip49

For additional information on amsmath, use the `?' option.
(/usr/share/texlive/texmf-dist/tex/latex/amsmath/amstext.sty
Package: amstext 2021/08/26 v2.01 AMS text
 (/usr/share/texlive/texmf-dist/tex/latex/amsmath/amsgen.sty
File: amsgen.sty 1999/11/30 v2.0 generic functions
\@emptytoks=\toks20
\ex@=\dimen149
)) (/usr/share/texlive/texmf-dist/tex/latex/amsmath/amsbsy.sty
Package: amsbsy 1999/11/29 v1.2d Bold Symbols
\pmbraise@=\dimen150
) (/usr/share/texlive/texmf-dist/tex/latex/amsmath/amsopn.sty
Package: amsopn 2021/08/26 v2.02 operator names
)
\inf@bad=\count196
LaTeX Info: Redefining \frac on input line 234.
\uproot@=\count197
\leftroot@=\count198
LaTeX Info: Redefining \overline on input line 399.
\classnum@=\count199
\DOTSCASE@=\count266
LaTeX Info: Redefining \ldots on input line 496.
LaTeX Info: Redefining \dots on input line 499.
LaTeX Info: Redefining \cdots on input line 620.
\Mathstrutbox@=\box50
\strutbox@=\box51
\big@size=\dimen151
LaTeX Font Info:    Redeclaring font encoding OML on input line 743.
LaTeX Font Info:    Redeclaring font encoding OMS on input line 744.
\macc@depth=\count267
\c@MaxMatrixCols=\count268
\dotsspace@=\muskip16
\c@parentequation=\count269
\dspbrk@lvl=\count270
\tag@help=\toks21
\row@=\count271
\column@=\count272
\maxfields@=\count273
\andhelp@=\toks22
\eqnshift@=\dimen152
\alignsep@=\dimen153
\tagshift@=\dimen154
\tagwidth@=\dimen155
\totwidth@=\dimen156
\lineht@=\dimen157
\@envbody=\toks23
\multlinegap=\skip50
\multlinetaggap=\skip51
\mathdisplay@stack=\toks24
LaTeX Info: Redefining \[ on input line 2938.
LaTeX Info: Redefining \] on input line 2939.
) (/usr/share/texlive/texmf-dist/tex/latex/amsfonts/amssymb.sty
Package: amssymb 2013/01/14 v3.01 AMS font symbols
 (/usr/share/texlive/texmf-dist/tex/latex/amsfonts/amsfonts.sty
Package: amsfonts 2013/01/14 v3.01 Basic AMSFonts support
\symAMSa=\mathgroup4
\symAMSb=\mathgroup5
LaTeX Font Info:    Redeclaring math symbol \hbar on input line 98.
LaTeX Font Info:    Overwriting math alphabet `\mathfrak' in version `bold'
(Font)                  U/euf/m/n --> U/euf/b/n on input line 106.
)) (/usr/share/texlive/texmf-dist/tex/latex/comment/comment.sty
\CommentStream=\write3
 Excluding comment 'comment') (/usr/share/texlive/texmf-dist/tex/latex/cite/cite.sty
LaTeX Info: Redefining \cite on input line 302.
LaTeX Info: Redefining \nocite on input line 332.
Package: cite 2015/02/27  v 5.5
) (/usr/share/texlive/texmf-dist/tex/latex/natbib/natbib.sty
Package: natbib 2010/09/13 8.31b (PWD, AO)


Package natbib Warning: The `cite' package should not be used
(natbib)                with natbib. Use option `sort' instead.

\bibhang=\skip52
\bibsep=\skip53
LaTeX Info: Redefining \cite on input line 694.
LaTeX Info: Redefining \citenum on input line 708.
\c@NAT@ctr=\count274
) (/usr/share/texlive/texmf-dist/tex/latex/l3backend/l3backend-pdftex.def
File: l3backend-pdftex.def 2022-01-12 L3 backend support: PDF output (pdfTeX)
\l__color_backend_stack_int=\count275
\l__pdf_internal_box=\box52
) (./final_report.aux)
\openout1 = `final_report.aux'.

LaTeX Font Info:    Checking defaults for OML/cmm/m/it on input line 26.
LaTeX Font Info:    ... okay on input line 26.
LaTeX Font Info:    Checking defaults for OMS/cmsy/m/n on input line 26.
LaTeX Font Info:    ... okay on input line 26.
LaTeX Font Info:    Checking defaults for OT1/cmr/m/n on input line 26.
LaTeX Font Info:    ... okay on input line 26.
LaTeX Font Info:    Checking defaults for T1/cmr/m/n on input line 26.
LaTeX Font Info:    ... okay on input line 26.
LaTeX Font Info:    Checking defaults for TS1/cmr/m/n on input line 26.
LaTeX Font Info:    ... okay on input line 26.
LaTeX Font Info:    Checking defaults for OMX/cmex/m/n on input line 26.
LaTeX Font Info:    ... okay on input line 26.
LaTeX Font Info:    Checking defaults for U/cmr/m/n on input line 26.
LaTeX Font Info:    ... okay on input line 26.
 (/usr/share/texlive/texmf-dist/tex/context/base/mkii/supp-pdf.mkii
[Loading MPS to PDF converter (version 2006.09.02).]
\scratchcounter=\count276
\scratchdimen=\dimen158
\scratchbox=\box53
\nofMPsegments=\count277
\nofMParguments=\count278
\everyMPshowfont=\toks25
\MPscratchCnt=\count279
\MPscratchDim=\dimen159
\MPnumerator=\count280
\makeMPintoPDFobject=\count281
\everyMPtoPDFconversion=\toks26
) (/usr/share/texlive/texmf-dist/tex/latex/epstopdf-pkg/epstopdf-base.sty
Package: epstopdf-base 2020-01-24 v2.11 Base part for package epstopdf
 (/usr/share/texlive/texmf-dist/tex/generic/infwarerr/infwarerr.sty
Package: infwarerr 2019/12/03 v1.5 Providing info/warning/error messages (HO)
) (/usr/share/texlive/texmf-dist/tex/latex/grfext/grfext.sty
Package: grfext 2019/12/03 v1.3 Manage graphics extensions (HO)
 (/usr/share/texlive/texmf-dist/tex/generic/kvdefinekeys/kvdefinekeys.sty
Package: kvdefinekeys 2019-12-19 v1.6 Define keys (HO)
)) (/usr/share/texlive/texmf-dist/tex/latex/kvoptions/kvoptions.sty
Package: kvoptions 2020-10-07 v3.14 Key value format for package options (HO)
 (/usr/share/texlive/texmf-dist/tex/generic/ltxcmds/ltxcmds.sty
Package: ltxcmds 2020-05-10 v1.25 LaTeX kernel commands for general use (HO)
) (/usr/share/texlive/texmf-dist/tex/generic/kvsetkeys/kvsetkeys.sty
Package: kvsetkeys 2019/12/15 v1.18 Key value parser (HO)
)) (/usr/share/texlive/texmf-dist/tex/generic/pdftexcmds/pdftexcmds.sty
Package: pdftexcmds 2020-06-27 v0.33 Utility functions of pdfTeX for LuaTeX (HO)
Package pdftexcmds Info: \pdf@primitive is available.
Package pdftexcmds Info: \pdf@ifprimitive is available.
Package pdftexcmds Info: \pdfdraftmode found.
)
Package epstopdf-base Info: Redefining graphics rule for `.eps' on input line 485.
Package grfext Info: Graphics extension search list:
(grfext)             [.pdf,.png,.jpg,.mps,.jpeg,.jbig2,.jb2,.PDF,.PNG,.JPG,.JPEG,.JBIG2,.JB2,.eps]
(grfext)             \AppendGraphicsExtensions on input line 504.
 (/usr/share/texlive/texmf-dist/tex/latex/latexconfig/epstopdf-sys.cfg
File: epstopdf-sys.cfg 2010/07/13 v1.3 Configuration of (r)epstopdf for TeX Live
))
*geometry* driver: auto-detecting
*geometry* detected driver: pdftex
*geometry* verbose mode - [ preamble ] result:
* driver: pdftex
* paper: <default>
* layout: <same size as paper>
* layoutoffset:(h,v)=(0.0pt,0.0pt)
* modes: 
* h-part:(L,W,R)=(92.14519pt, 430.00462pt, 92.14519pt)
* v-part:(T,H,B)=(95.39737pt, 556.47656pt, 143.09605pt)
* \paperwidth=614.295pt
* \paperheight=794.96999pt
* \textwidth=430.00462pt
* \textheight=556.47656pt
* \oddsidemargin=19.8752pt
* \evensidemargin=19.8752pt
* \topmargin=-13.87262pt
* \headheight=12.0pt
* \headsep=25.0pt
* \topskip=10.0pt
* \footskip=30.0pt
* \marginparwidth=65.0pt
* \marginparsep=11.0pt
* \columnsep=10.0pt
* \skip\footins=9.0pt plus 4.0pt minus 2.0pt
* \hoffset=0.0pt
* \voffset=0.0pt
* \mag=1000
* \@twocolumnfalse
* \@twosidefalse
* \@mparswitchfalse
* \@reversemarginfalse
* (1in=72.27pt=25.4mm, 1cm=28.453pt)

LaTeX Font Info:    Trying to load font information for U+msa on input line 28.
(/usr/share/texlive/texmf-dist/tex/latex/amsfonts/umsa.fd
File: umsa.fd 2013/01/14 v3.01 AMS symbols A
)
LaTeX Font Info:    Trying to load font information for U+msb on input line 28.
 (/usr/share/texlive/texmf-dist/tex/latex/amsfonts/umsb.fd
File: umsb.fd 2013/01/14 v3.01 AMS symbols B
) [1

{/var/lib/texmf/fonts/map/pdftex/updmap/pdftex.map}] [2] [3] [4] [5] [6] [7] [8] [9] [10] [11]
<../figs/full_measurement_setup.png, id=59, 1202.4925pt x 841.1425pt>
File: ../figs/full_measurement_setup.png Graphic file (type png)
<use ../figs/full_measurement_setup.png>
Package pdftex.def Info: ../figs/full_measurement_setup.png  used on input line 415.
(pdftex.def)             Requested size: 279.50037pt x 195.51227pt.
<../figs/source.png, id=61, 987.69pt x 1103.12125pt>
File: ../figs/source.png Graphic file (type png)
<use ../figs/source.png>
Package pdftex.def Info: ../figs/source.png  used on input line 422.
(pdftex.def)             Requested size: 279.50037pt x 312.15413pt.
<../figs/microphone_array_cropped.jpg, id=62, 657.1752pt x 462.528pt>
File: ../figs/microphone_array_cropped.jpg Graphic file (type jpg)
<use ../figs/microphone_array_cropped.jpg>
Package pdftex.def Info: ../figs/microphone_array_cropped.jpg  used on input line 429.
(pdftex.def)             Requested size: 279.50037pt x 196.71648pt.
 [12 <../figs/full_measurement_setup.png>] [13 <../figs/source.png>]
<../figs/data_eigenvalue_spectrum.png, id=72, 877.2775pt x 340.27126pt>
File: ../figs/data_eigenvalue_spectrum.png Graphic file (type png)
<use ../figs/data_eigenvalue_spectrum.png>
Package pdftex.def Info: ../figs/data_eigenvalue_spectrum.png  used on input line 448.
(pdftex.def)             Requested size: 430.00462pt x 166.79147pt.
 [14 <../figs/microphone_array_cropped.jpg>]

LaTeX Warning: No positions in optional float specifier.
               Default added (so using `tbp') on input line 472.


LaTeX Warning: No positions in optional float specifier.
               Default added (so using `tbp') on input line 490.

<../figs/evals_wgangp_full_structure.jpg, id=76, 1080.035pt x 932.48375pt>
File: ../figs/evals_wgangp_full_structure.jpg Graphic file (type jpg)
<use ../figs/evals_wgangp_full_structure.jpg>
Package pdftex.def Info: ../figs/evals_wgangp_full_structure.jpg  used on input line 510.
(pdftex.def)             Requested size: 279.50037pt x 241.316pt.
[15 <../figs/data_eigenvalue_spectrum.png>] [16 <../figs/evals_wgangp_full_structure.jpg>]
<../figs/evals_wgangp_loss.png, id=84, 965.6075pt x 580.1675pt>
File: ../figs/evals_wgangp_loss.png Graphic file (type png)
<use ../figs/evals_wgangp_loss.png>
Package pdftex.def Info: ../figs/evals_wgangp_loss.png  used on input line 522.
(pdftex.def)             Requested size: 174.14949pt x 104.62924pt.
<../figs/evals_loss_after_finetuning.png, id=85, 973.6375pt x 587.19376pt>
File: ../figs/evals_loss_after_finetuning.png Graphic file (type png)
<use ../figs/evals_loss_after_finetuning.png>
Package pdftex.def Info: ../figs/evals_loss_after_finetuning.png  used on input line 527.
(pdftex.def)             Requested size: 174.14949pt x 105.02728pt.
<../figs/eval_WGANGP_sample_before_fine_tuning.png, id=86, 908.39375pt x 629.35126pt>
File: ../figs/eval_WGANGP_sample_before_fine_tuning.png Graphic file (type png)
<use ../figs/eval_WGANGP_sample_before_fine_tuning.png>
Package pdftex.def Info: ../figs/eval_WGANGP_sample_before_fine_tuning.png  used on input line 538.
(pdftex.def)             Requested size: 232.20032pt x 160.87137pt.

Overfull \hbox (38.69955pt too wide) in paragraph at lines 538--539
[][] 
 []

<../figs/eval_WGANGP_sample_after_fine_tuning.png, id=87, 918.43124pt x 631.35875pt>
File: ../figs/eval_WGANGP_sample_after_fine_tuning.png Graphic file (type png)
<use ../figs/eval_WGANGP_sample_after_fine_tuning.png>
Package pdftex.def Info: ../figs/eval_WGANGP_sample_after_fine_tuning.png  used on input line 543.
(pdftex.def)             Requested size: 232.20032pt x 159.62154pt.

Overfull \hbox (38.69955pt too wide) in paragraph at lines 543--544
[][] 
 []


Underfull \hbox (badness 1205) in paragraph at lines 544--544
\T1/cmr/m/n/10 WGAN-GP (blue), when trained fur-ther
 []

<../figs/eval_WGANGP_sample_level.png, id=88, 934.49126pt x 631.35875pt>
File: ../figs/eval_WGANGP_sample_level.png Graphic file (type png)
<use ../figs/eval_WGANGP_sample_level.png>
Package pdftex.def Info: ../figs/eval_WGANGP_sample_level.png  used on input line 555.
(pdftex.def)             Requested size: 387.00153pt x 261.4695pt.
[17 <../figs/evals_wgangp_loss.png> <../figs/evals_loss_after_finetuning.png>] [18 <../figs/eval_WGANGP_sample_before_fine_tuning.png> <../figs/eval_WGANGP_sample_after_fine_tuning.png> <../figs/eval_WGANGP_sample_level.png>]

LaTeX Warning: No positions in optional float specifier.
               Default added (so using `tbp') on input line 579.


LaTeX Warning: No positions in optional float specifier.
               Default added (so using `tbp') on input line 599.

<../figs/evals_dB_loss_before_finetuning.png, id=100, 948.54375pt x 600.2425pt>
File: ../figs/evals_dB_loss_before_finetuning.png Graphic file (type png)
<use ../figs/evals_dB_loss_before_finetuning.png>
Package pdftex.def Info: ../figs/evals_dB_loss_before_finetuning.png  used on input line 622.
(pdftex.def)             Requested size: 174.14949pt x 110.2005pt.

Underfull \hbox (badness 2469) in paragraph at lines 623--623
\T1/cmr/m/n/10 while per-form-ing ini-tial train-ing of the
 []

<../figs/evals_dB_loss_after_finetuning.png, id=101, 952.55875pt x 591.20876pt>
File: ../figs/evals_dB_loss_after_finetuning.png Graphic file (type png)
<use ../figs/evals_dB_loss_after_finetuning.png>
Package pdftex.def Info: ../figs/evals_dB_loss_after_finetuning.png  used on input line 627.
(pdftex.def)             Requested size: 174.14949pt x 108.08188pt.
<../figs/evals_dB_sample_before_finetuning.png, id=102, 943.525pt x 640.3925pt>
File: ../figs/evals_dB_sample_before_finetuning.png Graphic file (type png)
<use ../figs/evals_dB_sample_before_finetuning.png>
Package pdftex.def Info: ../figs/evals_dB_sample_before_finetuning.png  used on input line 642.
(pdftex.def)             Requested size: 232.20032pt x 157.59619pt.

Overfull \hbox (38.69955pt too wide) in paragraph at lines 642--643
[][] 
 []

<../figs/evals_dB_sample_after_finetuning.png, id=103, 938.50626pt x 635.37375pt>
File: ../figs/evals_dB_sample_after_finetuning.png Graphic file (type png)
<use ../figs/evals_dB_sample_after_finetuning.png>
Package pdftex.def Info: ../figs/evals_dB_sample_after_finetuning.png  used on input line 647.
(pdftex.def)             Requested size: 232.20032pt x 157.19489pt.

Overfull \hbox (38.69955pt too wide) in paragraph at lines 647--648
[][] 
 []

<../figs/evals_dB_not_level_sample_comparison.png, id=104, 920.43875pt x 640.3925pt>
File: ../figs/evals_dB_not_level_sample_comparison.png Graphic file (type png)
<use ../figs/evals_dB_not_level_sample_comparison.png>
Package pdftex.def Info: ../figs/evals_dB_not_level_sample_comparison.png  used on input line 659.
(pdftex.def)             Requested size: 387.00153pt x 269.25616pt.
[19] [20 <../figs/evals_dB_loss_before_finetuning.png> <../figs/evals_dB_loss_after_finetuning.png> <../figs/evals_dB_sample_before_finetuning.png> <../figs/evals_dB_sample_after_finetuning.png>] [21 <../figs/evals_dB_not_level_sample_comparison.png>]
<../figs/histogram_main_eigenvector.png, id=120, 1157.32375pt x 577.15625pt>
File: ../figs/histogram_main_eigenvector.png Graphic file (type png)
<use ../figs/histogram_main_eigenvector.png>
Package pdftex.def Info: ../figs/histogram_main_eigenvector.png  used on input line 678.
(pdftex.def)             Requested size: 279.50037pt x 139.38338pt.
<../figs/histogram_noise_eigenvector.png, id=121, 1157.32375pt x 577.15625pt>
File: ../figs/histogram_noise_eigenvector.png Graphic file (type png)
<use ../figs/histogram_noise_eigenvector.png>
Package pdftex.def Info: ../figs/histogram_noise_eigenvector.png  used on input line 685.
(pdftex.def)             Requested size: 279.50037pt x 139.38338pt.


LaTeX Warning: No positions in optional float specifier.
               Default added (so using `tbp') on input line 707.


LaTeX Warning: No positions in optional float specifier.
               Default added (so using `tbp') on input line 726.

<../figs/evecs_wgangp_full_structure.jpg, id=122, 1079.03125pt x 932.48375pt>
File: ../figs/evecs_wgangp_full_structure.jpg Graphic file (type jpg)
<use ../figs/evecs_wgangp_full_structure.jpg>
Package pdftex.def Info: ../figs/evecs_wgangp_full_structure.jpg  used on input line 749.
(pdftex.def)             Requested size: 279.50037pt x 241.54366pt.
[22 <../figs/histogram_main_eigenvector.png>] [23 <../figs/histogram_noise_eigenvector.png>]

LaTeX Warning: No positions in optional float specifier.
               Default added (so using `tbp') on input line 767.


LaTeX Warning: No positions in optional float specifier.
               Default added (so using `tbp') on input line 787.

[24 <../figs/evecs_wgangp_full_structure.jpg>] [25]
<../figs/beamforming_real_csm.png, id=138, 326.21875pt x 259.97125pt>
File: ../figs/beamforming_real_csm.png Graphic file (type png)
<use ../figs/beamforming_real_csm.png>
Package pdftex.def Info: ../figs/beamforming_real_csm.png  used on input line 837.
(pdftex.def)             Requested size: 232.20032pt x 185.05293pt.

Overfull \hbox (38.69955pt too wide) in paragraph at lines 837--838
[][] 
 []

<../figs/beamforming_augmented_csm.png, id=139, 334.24875pt x 253.94875pt>
File: ../figs/beamforming_augmented_csm.png Graphic file (type png)
<use ../figs/beamforming_augmented_csm.png>
Package pdftex.def Info: ../figs/beamforming_augmented_csm.png  used on input line 842.
(pdftex.def)             Requested size: 232.20032pt x 176.42216pt.

Overfull \hbox (38.69955pt too wide) in paragraph at lines 842--843
[][] 
 []

[26 <../figs/beamforming_real_csm.png> <../figs/beamforming_augmented_csm.png>] (./final_report.bbl
LaTeX Font Info:    Trying to load font information for T1+cmtt on input line 88.
 (/usr/share/texlive/texmf-dist/tex/latex/base/t1cmtt.fd
File: t1cmtt.fd 2019/12/16 v2.5j Standard LaTeX font definitions
)
Underfull \hbox (badness 10000) in paragraph at lines 84--89
[]\T1/cmr/m/n/10 Ishaan Gul-ra-jani, Faruk Ahmed, Martín Ar-jovsky, Vin-cent Du-moulin, and Aaron
 []

[27]
Underfull \hbox (badness 1540) in paragraph at lines 112--122
[]\T1/cmr/m/n/10 Kundan Ku-mar, Rithesh Ku-mar, Thibault de Boissiere, Lu-cas Gestin, Wei Zhen Teoh,
 []


Underfull \hbox (badness 1648) in paragraph at lines 112--122
\T1/cmr/m/n/10 Jose Sotelo, Alexan-dre de Brébis-son, Yoshua Ben-gio, and Aaron C Courville.  Mel-
 []


Overfull \hbox (49.90596pt too wide) in paragraph at lines 112--122
\T1/cmtt/m/n/10 https://proceedings.neurips.cc/paper/2019/file/6804c9bca0a615bdb9374d00a9fcba59-Paper.pdf\T1/cmr/m/n/10 . 
 []


Underfull \hbox (badness 10000) in paragraph at lines 137--140
[]\T1/cmr/m/n/10 Aakash Nain.  Wgan-gp over-rid-ing model train step, May 2020.  URL
 []

[28]) [29] (./final_report.aux) ) 
Here is how much of TeX's memory you used:
 4658 strings out of 478287
 76070 string characters out of 5849289
 373300 words of memory out of 5000000
 22757 multiletter control sequences out of 15000+600000
 484788 words of font info for 69 fonts, out of 8000000 for 9000
 1141 hyphenation exceptions out of 8191
 60i,11n,67p,1031b,295s stack positions out of 5000i,500n,10000p,200000b,80000s
{/usr/share/texmf/fonts/enc/dvips/cm-super/cm-super-t1.enc}{/usr/share/texmf/fonts/enc/dvips/cm-super/cm-super-ts1.enc}</usr/share/texlive/texmf-dist/fonts/type1/public/amsfonts/cm/cmbx10.pfb></usr/share/texlive/texmf-dist/fonts/type1/public/amsfonts/cm/cmbx5.pfb></usr/share/texlive/texmf-dist/fonts/type1/public/amsfonts/cm/cmbx7.pfb></usr/share/texlive/texmf-dist/fonts/type1/public/amsfonts/cm/cmex10.pfb></usr/share/texlive/texmf-dist/fonts/type1/public/amsfonts/cm/cmmi10.pfb></usr/share/texlive/texmf-dist/fonts/type1/public/amsfonts/cm/cmmi5.pfb></usr/share/texlive/texmf-dist/fonts/type1/public/amsfonts/cm/cmmi7.pfb></usr/share/texlive/texmf-dist/fonts/type1/public/amsfonts/cm/cmr10.pfb></usr/share/texlive/texmf-dist/fonts/type1/public/amsfonts/cm/cmr5.pfb></usr/share/texlive/texmf-dist/fonts/type1/public/amsfonts/cm/cmr7.pfb></usr/share/texlive/texmf-dist/fonts/type1/public/amsfonts/cm/cmsy10.pfb></usr/share/texlive/texmf-dist/fonts/type1/public/amsfonts/cm/cmsy7.pfb></usr/share/texlive/texmf-dist/fonts/type1/public/amsfonts/symbols/msbm10.pfb></usr/share/texlive/texmf-dist/fonts/type1/public/amsfonts/symbols/msbm7.pfb></usr/share/texmf/fonts/type1/public/cm-super/sfbx1000.pfb></usr/share/texmf/fonts/type1/public/cm-super/sfbx1200.pfb></usr/share/texmf/fonts/type1/public/cm-super/sfbx1440.pfb></usr/share/texmf/fonts/type1/public/cm-super/sfrm0700.pfb></usr/share/texmf/fonts/type1/public/cm-super/sfrm1000.pfb></usr/share/texmf/fonts/type1/public/cm-super/sfrm1200.pfb></usr/share/texmf/fonts/type1/public/cm-super/sfrm1728.pfb></usr/share/texmf/fonts/type1/public/cm-super/sfti1000.pfb></usr/share/texmf/fonts/type1/public/cm-super/sftt1000.pfb>
Output written on final_report.pdf (29 pages, 5748273 bytes).
PDF statistics:
 256 PDF objects out of 1000 (max. 8388607)
 139 compressed objects within 2 object streams
 0 named destinations out of 1000 (max. 500000)
 101 words of extra memory for PDF output out of 10000 (max. 10000000)

