\BOOKMARK [0][-]{contentsbookmarkname.0}{\376\377\000C\000o\000n\000t\000e\000n\000t\000s}{}% 1
\BOOKMARK [0][-]{chapter.1}{\376\377\000I\000n\000t\000r\000o\000d\000u\000c\000t\000i\000o\000n}{}% 2
\BOOKMARK [1][-]{section.1.1}{\376\377\000S\000t\000a\000t\000e\000\040\000o\000f\000\040\000t\000h\000e\000\040\000A\000r\000t}{chapter.1}% 3
\BOOKMARK [2][-]{subsection.1.1.1}{\376\377\000G\000e\000n\000e\000r\000a\000t\000i\000o\000n\000\040\000o\000f\000\040\000S\000i\000g\000n\000a\000l}{section.1.1}% 4
\BOOKMARK [2][-]{subsection.1.1.2}{\376\377\000G\000e\000n\000e\000r\000a\000t\000i\000o\000n\000\040\000o\000f\000\040\000I\000m\000p\000u\000l\000s\000e\000\040\000R\000e\000s\000p\000o\000n\000s\000e}{section.1.1}% 5
\BOOKMARK [2][-]{subsection.1.1.3}{\376\377\000G\000e\000n\000e\000r\000a\000t\000i\000o\000n\000\040\000o\000f\000\040\000p\000o\000t\000e\000n\000t\000i\000a\000l\000\040\000N\000N\000\040\000f\000e\000a\000t\000u\000r\000e}{section.1.1}% 6
\BOOKMARK [2][-]{subsection.1.1.4}{\376\377\000O\000t\000h\000e\000r\000\040\000p\000o\000s\000s\000i\000b\000l\000e\000\040\000a\000p\000p\000r\000o\000a\000c\000h\000e\000s\000\040\000t\000o\000\040\000g\000e\000n\000e\000r\000a\000t\000e\000\040\000t\000h\000e\000\040\000d\000a\000t\000a}{section.1.1}% 7
\BOOKMARK [1][-]{section.1.2}{\376\377\000A\000i\000m\000\040\000o\000f\000\040\000t\000h\000e\000\040\000t\000h\000e\000s\000i\000s}{chapter.1}% 8
\BOOKMARK [0][-]{chapter.2}{\376\377\000F\000u\000n\000d\000a\000m\000e\000n\000t\000a\000l\000s}{}% 9
\BOOKMARK [1][-]{section.2.1}{\376\377\000P\000r\000o\000p\000a\000g\000a\000t\000i\000o\000n\000\040\000m\000o\000d\000e\000l\000\040\000a\000n\000d\000\040\000t\000h\000e\000\040\000C\000r\000o\000s\000s\000\040\000S\000p\000e\000c\000t\000r\000a\000l\000\040\000M\000a\000t\000r\000i\000x}{chapter.2}% 10
\BOOKMARK [1][-]{section.2.2}{\376\377\000E\000i\000g\000e\000n\000d\000e\000c\000o\000m\000p\000o\000s\000i\000t\000i\000o\000n\000\040\000a\000n\000d\000\040\000R\000a\000n\000k\000\040\000I\000\040\000C\000r\000o\000s\000s\000\040\000s\000p\000e\000c\000t\000r\000a\000l\000\040\000m\000a\000t\000r\000i\000x}{chapter.2}% 11
\BOOKMARK [1][-]{section.2.3}{\376\377\000C\000o\000n\000v\000e\000n\000t\000i\000o\000n\000a\000l\000\040\000b\000e\000a\000m\000f\000o\000r\000m\000i\000n\000g}{chapter.2}% 12
\BOOKMARK [1][-]{section.2.4}{\376\377\000H\000e\000l\000m\000o\000t\000z\000\040\000N\000u\000m\000b\000e\000r}{chapter.2}% 13
\BOOKMARK [1][-]{section.2.5}{\376\377\000G\000A\000N}{chapter.2}% 14
\BOOKMARK [1][-]{section.2.6}{\376\377\000W\000G\000A\000N}{chapter.2}% 15
\BOOKMARK [2][-]{subsection.2.6.1}{\376\377\000T\000h\000e\000\040\000E\000a\000r\000t\000h\000-\000M\000o\000v\000e\000r\000\040\000o\000r\000\040\000W\000a\000s\000s\000e\000r\000s\000t\000e\000i\000n\000\040\000d\000i\000s\000t\000a\000n\000c\000e}{section.2.6}% 16
\BOOKMARK [2][-]{subsection.2.6.2}{\376\377\000N\000e\000c\000e\000s\000s\000a\000r\000y\000\040\000c\000h\000a\000n\000g\000e\000s\000\040\000t\000o\000\040\000t\000u\000r\000n\000\040\000a\000\040\000G\000A\000N\000\040\000i\000n\000t\000o\000\040\000a\000\040\000W\000G\000A\000N}{section.2.6}% 17
\BOOKMARK [1][-]{section.2.7}{\376\377\000W\000G\000A\000N\000-\000G\000P}{chapter.2}% 18
\BOOKMARK [2][-]{subsection.2.7.1}{\376\377\000T\000h\000e\000\040\000g\000r\000a\000d\000i\000e\000n\000t\000\040\000p\000e\000n\000a\000l\000t\000y}{section.2.7}% 19
\BOOKMARK [1][-]{section.2.8}{\376\377\000A\000s\000s\000e\000s\000s\000i\000n\000g\000\040\000p\000e\000r\000f\000o\000r\000m\000a\000n\000c\000e\000s\000\040\000o\000f\000\040\000a\000\040\000W\000G\000A\000N\000\040\000o\000r\000\040\000W\000G\000A\000N\000-\000G\000P\000\040\000c\000o\000m\000p\000a\000r\000e\000d\000\040\000t\000o\000\040\000G\000A\000N}{chapter.2}% 20
\BOOKMARK [0][-]{chapter.3}{\376\377\000M\000e\000t\000h\000o\000d\000s}{}% 21
\BOOKMARK [1][-]{section.3.1}{\376\377\000D\000a\000t\000a}{chapter.3}% 22
\BOOKMARK [2][-]{subsection.3.1.1}{\376\377\000S\000y\000n\000t\000h\000e\000t\000i\000c\000\040\000D\000a\000t\000a}{section.3.1}% 23
\BOOKMARK [2][-]{subsection.3.1.2}{\376\377\000M\000e\000a\000s\000u\000r\000e\000m\000e\000n\000t}{section.3.1}% 24
\BOOKMARK [2][-]{subsection.3.1.3}{\376\377\000C\000o\000m\000p\000a\000r\000i\000s\000o\000n\000\040\000b\000e\000t\000w\000e\000e\000n\000\040\000S\000y\000n\000t\000h\000e\000t\000i\000c\000\040\000a\000n\000d\000\040\000M\000e\000a\000s\000u\000r\000e\000d\000\040\000D\000a\000t\000a}{section.3.1}% 25
\BOOKMARK [1][-]{section.3.2}{\376\377\000A\000r\000c\000h\000i\000t\000e\000c\000t\000u\000r\000e\000s}{chapter.3}% 26
\BOOKMARK [2][-]{subsection.3.2.1}{\376\377\000G\000e\000n\000e\000r\000a\000t\000i\000n\000g\000\040\000E\000i\000g\000e\000n\000v\000a\000l\000u\000e\000s}{section.3.2}% 27
\BOOKMARK [2][-]{subsection.3.2.2}{\376\377\000G\000e\000n\000e\000r\000a\000t\000i\000n\000g\000\040\000E\000i\000g\000e\000n\000v\000e\000c\000t\000o\000r\000s}{section.3.2}% 28
\BOOKMARK [1][-]{section.3.3}{\376\377\000D\000a\000t\000a\000\040\000A\000u\000g\000m\000e\000n\000t\000a\000t\000i\000o\000n}{chapter.3}% 29
\BOOKMARK [2][-]{subsection.3.3.1}{\376\377\000U\000s\000i\000n\000g\000\040\000G\000e\000n\000e\000r\000a\000t\000e\000d\000\040\000E\000i\000g\000e\000n\000v\000a\000l\000u\000e\000s}{section.3.3}% 30
\BOOKMARK [2][-]{subsection.3.3.2}{\376\377\000U\000s\000i\000n\000g\000\040\000G\000e\000n\000e\000r\000a\000t\000e\000d\000\040\000M\000a\000i\000n\000\040\000E\000i\000g\000e\000n\000v\000e\000c\000t\000o\000r}{section.3.3}% 31
\BOOKMARK [1][-]{section.3.4}{\376\377\000P\000a\000r\000a\000m\000e\000t\000e\000r\000s}{chapter.3}% 32
\BOOKMARK [0][-]{chapter.4}{\376\377\000R\000e\000s\000u\000l\000t\000s}{}% 33
\BOOKMARK [1][-]{section.4.1}{\376\377\000G\000e\000n\000e\000r\000a\000t\000i\000n\000g\000\040\000E\000i\000g\000e\000n\000v\000a\000l\000u\000e\000s}{chapter.4}% 34
\BOOKMARK [2][-]{subsection.4.1.1}{\376\377\000G\000e\000n\000e\000r\000a\000t\000i\000n\000g\000\040\000E\000i\000g\000e\000n\000v\000a\000l\000u\000e\000s\000\040\000f\000r\000o\000m\000\040\000t\000h\000e\000i\000r\000\040\000S\000c\000a\000l\000e\000d\000\040\000V\000a\000l\000u\000e\000s}{section.4.1}% 35
\BOOKMARK [2][-]{subsection.4.1.2}{\376\377\000G\000e\000n\000e\000r\000a\000t\000i\000n\000g\000\040\000E\000i\000g\000e\000n\000v\000a\000l\000u\000e\000s\000\040\000f\000r\000o\000m\000\040\000t\000h\000e\000i\000r\000\040\000L\000e\000v\000e\000l\000\040\000V\000a\000l\000u\000e\000s}{section.4.1}% 36
\BOOKMARK [2][-]{subsection.4.1.3}{\376\377\000D\000a\000t\000a\000\040\000A\000u\000g\000m\000e\000n\000t\000a\000t\000i\000o\000n}{section.4.1}% 37
\BOOKMARK [1][-]{section.4.2}{\376\377\000G\000e\000n\000e\000r\000a\000t\000i\000n\000g\000\040\000E\000i\000g\000e\000n\000v\000e\000c\000t\000o\000r\000s}{chapter.4}% 38
\BOOKMARK [2][-]{subsection.4.2.1}{\376\377\000G\000e\000n\000e\000r\000a\000t\000i\000n\000g\000\040\000t\000h\000e\000\040\000M\000a\000i\000n\000\040\000E\000i\000g\000e\000n\000v\000e\000c\000t\000o\000r}{section.4.2}% 39
\BOOKMARK [2][-]{subsection.4.2.2}{\376\377\000D\000a\000t\000a\000\040\000A\000u\000g\000m\000e\000n\000t\000a\000t\000i\000o\000n}{section.4.2}% 40
\BOOKMARK [0][-]{chapter.5}{\376\377\000D\000i\000s\000c\000u\000s\000s\000i\000o\000n\000s}{}% 41
\BOOKMARK [1][-]{section.5.1}{\376\377\000G\000e\000n\000e\000r\000a\000t\000i\000n\000g\000\040\000E\000i\000g\000e\000n\000v\000a\000l\000u\000e\000s}{chapter.5}% 42
\BOOKMARK [2][-]{subsection.5.1.1}{\376\377\000G\000e\000n\000e\000r\000a\000t\000i\000n\000g\000\040\000E\000i\000g\000e\000n\000v\000a\000l\000u\000e\000s\000\040\000f\000r\000o\000m\000\040\000t\000h\000e\000i\000r\000\040\000S\000c\000a\000l\000e\000d\000\040\000V\000a\000l\000u\000e\000s}{section.5.1}% 43
\BOOKMARK [2][-]{subsection.5.1.2}{\376\377\000G\000e\000n\000e\000r\000a\000t\000i\000n\000g\000\040\000E\000i\000g\000e\000n\000v\000a\000l\000u\000e\000s\000\040\000f\000r\000o\000m\000\040\000t\000h\000e\000i\000r\000\040\000L\000e\000v\000e\000l\000\040\000V\000a\000l\000u\000e\000s}{section.5.1}% 44
\BOOKMARK [2][-]{subsection.5.1.3}{\376\377\000D\000a\000t\000a\000\040\000A\000u\000g\000m\000e\000n\000t\000a\000t\000i\000o\000n}{section.5.1}% 45
\BOOKMARK [1][-]{section.5.2}{\376\377\000G\000e\000n\000e\000r\000a\000t\000i\000n\000g\000\040\000E\000i\000g\000e\000n\000v\000e\000c\000t\000o\000r\000s}{chapter.5}% 46
\BOOKMARK [2][-]{subsection.5.2.1}{\376\377\000G\000e\000n\000e\000r\000a\000t\000i\000n\000g\000\040\000t\000h\000e\000\040\000M\000a\000i\000n\000\040\000E\000i\000g\000e\000n\000v\000e\000c\000t\000o\000r}{section.5.2}% 47
\BOOKMARK [2][-]{subsection.5.2.2}{\376\377\000D\000a\000t\000a\000\040\000A\000u\000g\000m\000e\000n\000t\000a\000t\000i\000o\000n}{section.5.2}% 48
\BOOKMARK [1][-]{section.5.3}{\376\377\000G\000e\000n\000e\000r\000a\000l}{chapter.5}% 49
\BOOKMARK [0][-]{chapter.6}{\376\377\000C\000o\000n\000c\000l\000u\000s\000i\000o\000n}{}% 50
\BOOKMARK [0][-]{chapter.7}{\376\377\000F\000u\000t\000u\000r\000e\000\040\000W\000o\000r\000k\000s}{}% 51
\BOOKMARK [0][-]{appendix.A}{\376\377\000A\000r\000c\000h\000i\000t\000e\000c\000t\000u\000r\000e\000s\000\040\000o\000f\000\040\000t\000h\000e\000\040\000D\000i\000f\000f\000e\000r\000e\000n\000t\000\040\000N\000e\000t\000w\000o\000r\000k\000s}{}% 52
\BOOKMARK [0][-]{section*.30}{\376\377\000B\000i\000b\000l\000i\000o\000g\000r\000a\000p\000h\000y}{}% 53
\BOOKMARK [0][-]{section*.32}{\376\377\000L\000i\000s\000t\000\040\000o\000f\000\040\000F\000i\000g\000u\000r\000e\000s}{}% 54
\BOOKMARK [0][-]{section*.34}{\376\377\000L\000i\000s\000t\000\040\000o\000f\000\040\000T\000a\000b\000l\000e\000s}{}% 55
